UCWD

Night of 0170820
UT 01:00 - 01:30

Filename        Grating  Frame    Exposure Time
--------------  -------  -------  -------------
S20170820S0062  R400     Science  300
S20170820S0063  R400     Science  300
S20170820S0064  R400     Science  163
S20170820S0065  B600     Science  128
S20170820S0066  R400     CuAr     32
S20170820S0067  ----     Flat     1
S20170820S0068  ----     Flat     6
S20170820S0069  B600     CuAr     30

Night of 0170821
UT 23:30 - 00:30

Filename        Grating  Frame    Exposure Time
--------------  -------  -------  -------------
S20170821S0006  R400     Science  360
S20170821S0007  ----     Flat     1
S20170821S0008  R400     CuAr     16
S20170821S0009  R400     Science  360
S20170821S0010  ----     Flat     1
S20170821S0011  R400     Science  360
S20170821S0012  R400     Science  360
S20170821S0013  B600     Science  360
S20170821S0014  B600     Science  360
S20170821S0015  ----     Flat     3
S20170821S0016  B600     CuAr     20
S20170821S0017  B600     Science  360
S20170821S0018  B600     Science  360




Standard - EG274

Night of 0170820

Filename        Grating  Frame
--------------  -------  --------
S20170820S0073  R400     Standard
S20170820S0075  R400     CuAr
S20170820S0076  B600     CuAr
S20170820S0078  B600     Standard

